七月 20, 2015 10:10:12 下午 org.apache.catalina.startup.VersionLoggerListener log
信息: Server version:        Apache Tomcat/7.0.59
七月 20, 2015 10:10:12 下午 org.apache.catalina.startup.VersionLoggerListener log
信息: Server built:          Jan 28 2015 15:51:10 UTC
七月 20, 2015 10:10:12 下午 org.apache.catalina.startup.VersionLoggerListener log
信息: Server number:         7.0.59.0
七月 20, 2015 10:10:12 下午 org.apache.catalina.startup.VersionLoggerListener log
信息: OS Name:               Windows 7
七月 20, 2015 10:10:12 下午 org.apache.catalina.startup.VersionLoggerListener log
信息: OS Version:            6.1
七月 20, 2015 10:10:12 下午 org.apache.catalina.startup.VersionLoggerListener log
信息: Architecture:          x86
七月 20, 2015 10:10:12 下午 org.apache.catalina.startup.VersionLoggerListener log
信息: Java Home:             D:\Java\jre
七月 20, 2015 10:10:12 下午 org.apache.catalina.startup.VersionLoggerListener log
信息: JVM Version:           1.7.0_60-b19
七月 20, 2015 10:10:12 下午 org.apache.catalina.startup.VersionLoggerListener log
信息: JVM Vendor:            Oracle Corporation
七月 20, 2015 10:10:12 下午 org.apache.catalina.startup.VersionLoggerListener log
信息: CATALINA_BASE:         D:\软件\apache-tomcat-7.0.59-windows-x86\apache-tomcat-7.0.59
七月 20, 2015 10:10:12 下午 org.apache.catalina.startup.VersionLoggerListener log
信息: CATALINA_HOME:         D:\软件\apache-tomcat-7.0.59-windows-x86\apache-tomcat-7.0.59
七月 20, 2015 10:10:12 下午 org.apache.catalina.startup.VersionLoggerListener log
信息: Command line argument: -Djava.util.logging.config.file=D:\软件\apache-tomcat-7.0.59-windows-x86\apache-tomcat-7.0.59\conf\logging.properties
七月 20, 2015 10:10:12 下午 org.apache.catalina.startup.VersionLoggerListener log
信息: Command line argument: -Djava.util.logging.manager=org.apache.juli.ClassLoaderLogManager
七月 20, 2015 10:10:12 下午 org.apache.catalina.startup.VersionLoggerListener log
信息: Command line argument: -Djava.endorsed.dirs=D:\软件\apache-tomcat-7.0.59-windows-x86\apache-tomcat-7.0.59\endorsed
七月 20, 2015 10:10:12 下午 org.apache.catalina.startup.VersionLoggerListener log
信息: Command line argument: -Dcatalina.base=D:\软件\apache-tomcat-7.0.59-windows-x86\apache-tomcat-7.0.59
七月 20, 2015 10:10:12 下午 org.apache.catalina.startup.VersionLoggerListener log
信息: Command line argument: -Dcatalina.home=D:\软件\apache-tomcat-7.0.59-windows-x86\apache-tomcat-7.0.59
七月 20, 2015 10:10:12 下午 org.apache.catalina.startup.VersionLoggerListener log
信息: Command line argument: -Djava.io.tmpdir=D:\软件\apache-tomcat-7.0.59-windows-x86\apache-tomcat-7.0.59\temp
七月 20, 2015 10:10:12 下午 org.apache.catalina.core.AprLifecycleListener lifecycleEvent
信息: Loaded APR based Apache Tomcat Native library 1.1.32 using APR version 1.5.1.
七月 20, 2015 10:10:12 下午 org.apache.catalina.core.AprLifecycleListener lifecycleEvent
信息: APR capabilities: IPv6 [true], sendfile [true], accept filters [false], random [true].
七月 20, 2015 10:10:13 下午 org.apache.catalina.core.AprLifecycleListener initializeSSL
信息: OpenSSL successfully initialized (OpenSSL 1.0.1j 15 Oct 2014)
七月 20, 2015 10:10:13 下午 org.apache.coyote.AbstractProtocol init
信息: Initializing ProtocolHandler ["http-apr-8080"]
七月 20, 2015 10:10:13 下午 org.apache.coyote.AbstractProtocol init
信息: Initializing ProtocolHandler ["ajp-apr-8009"]
七月 20, 2015 10:10:13 下午 org.apache.catalina.startup.Catalina load
信息: Initialization processed in 1603 ms
七月 20, 2015 10:10:13 下午 org.apache.catalina.core.StandardService startInternal
信息: Starting service Catalina
七月 20, 2015 10:10:13 下午 org.apache.catalina.core.StandardEngine startInternal
信息: Starting Servlet Engine: Apache Tomcat/7.0.59
七月 20, 2015 10:10:13 下午 org.apache.catalina.startup.HostConfig deployDescriptor
信息: Deploying configuration descriptor D:\软件\apache-tomcat-7.0.59-windows-x86\apache-tomcat-7.0.59\conf\Catalina\localhost\webdemo.xml
七月 20, 2015 10:10:13 下午 org.apache.tomcat.util.digester.Digester fatalError
严重: Parse Fatal Error at line 7 column 2: 文档中根元素后面的标记必须格式正确。
org.xml.sax.SAXParseException; lineNumber: 7; columnNumber: 2; 文档中根元素后面的标记必须格式正确。
	at com.sun.org.apache.xerces.internal.util.ErrorHandlerWrapper.createSAXParseException(ErrorHandlerWrapper.java:198)
	at com.sun.org.apache.xerces.internal.util.ErrorHandlerWrapper.fatalError(ErrorHandlerWrapper.java:177)
	at com.sun.org.apache.xerces.internal.impl.XMLErrorReporter.reportError(XMLErrorReporter.java:441)
	at com.sun.org.apache.xerces.internal.impl.XMLErrorReporter.reportError(XMLErrorReporter.java:368)
	at com.sun.org.apache.xerces.internal.impl.XMLScanner.reportFatalError(XMLScanner.java:1436)
	at com.sun.org.apache.xerces.internal.impl.XMLDocumentScannerImpl$TrailingMiscDriver.next(XMLDocumentScannerImpl.java:1397)
	at com.sun.org.apache.xerces.internal.impl.XMLDocumentScannerImpl.next(XMLDocumentScannerImpl.java:606)
	at com.sun.org.apache.xerces.internal.impl.XMLDocumentFragmentScannerImpl.scanDocument(XMLDocumentFragmentScannerImpl.java:510)
	at com.sun.org.apache.xerces.internal.parsers.XML11Configuration.parse(XML11Configuration.java:848)
	at com.sun.org.apache.xerces.internal.parsers.XML11Configuration.parse(XML11Configuration.java:777)
	at com.sun.org.apache.xerces.internal.parsers.XMLParser.parse(XMLParser.java:141)
	at com.sun.org.apache.xerces.internal.parsers.AbstractSAXParser.parse(AbstractSAXParser.java:1213)
	at com.sun.org.apache.xerces.internal.jaxp.SAXParserImpl$JAXPSAXParser.parse(SAXParserImpl.java:648)
	at org.apache.tomcat.util.digester.Digester.parse(Digester.java:1580)
	at org.apache.catalina.startup.HostConfig.deployDescriptor(HostConfig.java:626)
	at org.apache.catalina.startup.HostConfig$DeployDescriptor.run(HostConfig.java:1859)
	at java.util.concurrent.Executors$RunnableAdapter.call(Executors.java:471)
	at java.util.concurrent.FutureTask.run(FutureTask.java:262)
	at java.util.concurrent.ThreadPoolExecutor.runWorker(ThreadPoolExecutor.java:1145)
	at java.util.concurrent.ThreadPoolExecutor$Worker.run(ThreadPoolExecutor.java:615)
	at java.lang.Thread.run(Thread.java:745)

七月 20, 2015 10:10:13 下午 org.apache.catalina.startup.HostConfig deployDescriptor
严重: Error deploying configuration descriptor D:\软件\apache-tomcat-7.0.59-windows-x86\apache-tomcat-7.0.59\conf\Catalina\localhost\webdemo.xml
org.xml.sax.SAXParseException; lineNumber: 7; columnNumber: 2; 文档中根元素后面的标记必须格式正确。
	at com.sun.org.apache.xerces.internal.parsers.AbstractSAXParser.parse(AbstractSAXParser.java:1239)
	at com.sun.org.apache.xerces.internal.jaxp.SAXParserImpl$JAXPSAXParser.parse(SAXParserImpl.java:648)
	at org.apache.tomcat.util.digester.Digester.parse(Digester.java:1580)
	at org.apache.catalina.startup.HostConfig.deployDescriptor(HostConfig.java:626)
	at org.apache.catalina.startup.HostConfig$DeployDescriptor.run(HostConfig.java:1859)
	at java.util.concurrent.Executors$RunnableAdapter.call(Executors.java:471)
	at java.util.concurrent.FutureTask.run(FutureTask.java:262)
	at java.util.concurrent.ThreadPoolExecutor.runWorker(ThreadPoolExecutor.java:1145)
	at java.util.concurrent.ThreadPoolExecutor$Worker.run(ThreadPoolExecutor.java:615)
	at java.lang.Thread.run(Thread.java:745)

七月 20, 2015 10:10:13 下午 org.apache.catalina.startup.SetContextPropertiesRule begin
警告: [SetContextPropertiesRule]{Context} Setting property 'debug' to '0' did not find a matching property.
七月 20, 2015 10:10:13 下午 org.apache.tomcat.util.digester.Digester endElement
严重: End event threw exception
java.lang.NullPointerException
	at org.apache.tomcat.util.IntrospectionUtils.callMethod1(IntrospectionUtils.java:847)
	at org.apache.catalina.startup.SetNextNamingRule.end(SetNextNamingRule.java:104)
	at org.apache.tomcat.util.digester.Digester.endElement(Digester.java:1063)
	at com.sun.org.apache.xerces.internal.parsers.AbstractSAXParser.endElement(AbstractSAXParser.java:609)
	at com.sun.org.apache.xerces.internal.parsers.AbstractXMLDocumentParser.emptyElement(AbstractXMLDocumentParser.java:183)
	at com.sun.org.apache.xerces.internal.impl.XMLDocumentFragmentScannerImpl.scanStartElement(XMLDocumentFragmentScannerImpl.java:1342)
	at com.sun.org.apache.xerces.internal.impl.XMLDocumentFragmentScannerImpl$FragmentContentDriver.next(XMLDocumentFragmentScannerImpl.java:2770)
	at com.sun.org.apache.xerces.internal.impl.XMLDocumentScannerImpl.next(XMLDocumentScannerImpl.java:606)
	at com.sun.org.apache.xerces.internal.impl.XMLDocumentFragmentScannerImpl.scanDocument(XMLDocumentFragmentScannerImpl.java:510)
	at com.sun.org.apache.xerces.internal.parsers.XML11Configuration.parse(XML11Configuration.java:848)
	at com.sun.org.apache.xerces.internal.parsers.XML11Configuration.parse(XML11Configuration.java:777)
	at com.sun.org.apache.xerces.internal.parsers.XMLParser.parse(XMLParser.java:141)
	at com.sun.org.apache.xerces.internal.parsers.AbstractSAXParser.parse(AbstractSAXParser.java:1213)
	at com.sun.org.apache.xerces.internal.jaxp.SAXParserImpl$JAXPSAXParser.parse(SAXParserImpl.java:648)
	at org.apache.tomcat.util.digester.Digester.parse(Digester.java:1561)
	at org.apache.catalina.startup.ContextConfig.processContextConfig(ContextConfig.java:649)
	at org.apache.catalina.startup.ContextConfig.contextConfig(ContextConfig.java:611)
	at org.apache.catalina.startup.ContextConfig.init(ContextConfig.java:850)
	at org.apache.catalina.startup.ContextConfig.lifecycleEvent(ContextConfig.java:397)
	at org.apache.catalina.util.LifecycleSupport.fireLifecycleEvent(LifecycleSupport.java:117)
	at org.apache.catalina.util.LifecycleBase.fireLifecycleEvent(LifecycleBase.java:90)
	at org.apache.catalina.util.LifecycleBase.setStateInternal(LifecycleBase.java:402)
	at org.apache.catalina.util.LifecycleBase.init(LifecycleBase.java:110)
	at org.apache.catalina.util.LifecycleBase.start(LifecycleBase.java:139)
	at org.apache.catalina.core.ContainerBase.addChildInternal(ContainerBase.java:901)
	at org.apache.catalina.core.ContainerBase.addChild(ContainerBase.java:877)
	at org.apache.catalina.core.StandardHost.addChild(StandardHost.java:649)
	at org.apache.catalina.startup.HostConfig.deployDescriptor(HostConfig.java:672)
	at org.apache.catalina.startup.HostConfig$DeployDescriptor.run(HostConfig.java:1859)
	at java.util.concurrent.Executors$RunnableAdapter.call(Executors.java:471)
	at java.util.concurrent.FutureTask.run(FutureTask.java:262)
	at java.util.concurrent.ThreadPoolExecutor.runWorker(ThreadPoolExecutor.java:1145)
	at java.util.concurrent.ThreadPoolExecutor$Worker.run(ThreadPoolExecutor.java:615)
	at java.lang.Thread.run(Thread.java:745)

七月 20, 2015 10:10:13 下午 org.apache.catalina.startup.ContextConfig processContextConfig
严重: Parse error in context.xml for /webdemo
org.xml.sax.SAXParseException; systemId: file:/D:/软件/apache-tomcat-7.0.59-windows-x86/apache-tomcat-7.0.59/conf/Catalina/localhost/webdemo.xml; lineNumber: 3; columnNumber: 82; Error at (3, 82) : null
	at org.apache.tomcat.util.digester.Digester.createSAXException(Digester.java:2711)
	at org.apache.tomcat.util.digester.Digester.createSAXException(Digester.java:2743)
	at org.apache.tomcat.util.digester.Digester.endElement(Digester.java:1066)
	at com.sun.org.apache.xerces.internal.parsers.AbstractSAXParser.endElement(AbstractSAXParser.java:609)
	at com.sun.org.apache.xerces.internal.parsers.AbstractXMLDocumentParser.emptyElement(AbstractXMLDocumentParser.java:183)
	at com.sun.org.apache.xerces.internal.impl.XMLDocumentFragmentScannerImpl.scanStartElement(XMLDocumentFragmentScannerImpl.java:1342)
	at com.sun.org.apache.xerces.internal.impl.XMLDocumentFragmentScannerImpl$FragmentContentDriver.next(XMLDocumentFragmentScannerImpl.java:2770)
	at com.sun.org.apache.xerces.internal.impl.XMLDocumentScannerImpl.next(XMLDocumentScannerImpl.java:606)
	at com.sun.org.apache.xerces.internal.impl.XMLDocumentFragmentScannerImpl.scanDocument(XMLDocumentFragmentScannerImpl.java:510)
	at com.sun.org.apache.xerces.internal.parsers.XML11Configuration.parse(XML11Configuration.java:848)
	at com.sun.org.apache.xerces.internal.parsers.XML11Configuration.parse(XML11Configuration.java:777)
	at com.sun.org.apache.xerces.internal.parsers.XMLParser.parse(XMLParser.java:141)
	at com.sun.org.apache.xerces.internal.parsers.AbstractSAXParser.parse(AbstractSAXParser.java:1213)
	at com.sun.org.apache.xerces.internal.jaxp.SAXParserImpl$JAXPSAXParser.parse(SAXParserImpl.java:648)
	at org.apache.tomcat.util.digester.Digester.parse(Digester.java:1561)
	at org.apache.catalina.startup.ContextConfig.processContextConfig(ContextConfig.java:649)
	at org.apache.catalina.startup.ContextConfig.contextConfig(ContextConfig.java:611)
	at org.apache.catalina.startup.ContextConfig.init(ContextConfig.java:850)
	at org.apache.catalina.startup.ContextConfig.lifecycleEvent(ContextConfig.java:397)
	at org.apache.catalina.util.LifecycleSupport.fireLifecycleEvent(LifecycleSupport.java:117)
	at org.apache.catalina.util.LifecycleBase.fireLifecycleEvent(LifecycleBase.java:90)
	at org.apache.catalina.util.LifecycleBase.setStateInternal(LifecycleBase.java:402)
	at org.apache.catalina.util.LifecycleBase.init(LifecycleBase.java:110)
	at org.apache.catalina.util.LifecycleBase.start(LifecycleBase.java:139)
	at org.apache.catalina.core.ContainerBase.addChildInternal(ContainerBase.java:901)
	at org.apache.catalina.core.ContainerBase.addChild(ContainerBase.java:877)
	at org.apache.catalina.core.StandardHost.addChild(StandardHost.java:649)
	at org.apache.catalina.startup.HostConfig.deployDescriptor(HostConfig.java:672)
	at org.apache.catalina.startup.HostConfig$DeployDescriptor.run(HostConfig.java:1859)
	at java.util.concurrent.Executors$RunnableAdapter.call(Executors.java:471)
	at java.util.concurrent.FutureTask.run(FutureTask.java:262)
	at java.util.concurrent.ThreadPoolExecutor.runWorker(ThreadPoolExecutor.java:1145)
	at java.util.concurrent.ThreadPoolExecutor$Worker.run(ThreadPoolExecutor.java:615)
	at java.lang.Thread.run(Thread.java:745)
Caused by: java.lang.NullPointerException
	at org.apache.tomcat.util.IntrospectionUtils.callMethod1(IntrospectionUtils.java:847)
	at org.apache.catalina.startup.SetNextNamingRule.end(SetNextNamingRule.java:104)
	at org.apache.tomcat.util.digester.Digester.endElement(Digester.java:1063)
	... 31 more

七月 20, 2015 10:10:13 下午 org.apache.catalina.startup.ContextConfig processContextConfig
严重: Occurred at line 3 column 82
七月 20, 2015 10:10:13 下午 org.apache.catalina.core.ContainerBase addChildInternal
严重: ContainerBase.addChild: start: 
org.apache.catalina.LifecycleException: Failed to start component [/webdemo]
	at org.apache.catalina.util.LifecycleBase.start(LifecycleBase.java:154)
	at org.apache.catalina.core.ContainerBase.addChildInternal(ContainerBase.java:901)
	at org.apache.catalina.core.ContainerBase.addChild(ContainerBase.java:877)
	at org.apache.catalina.core.StandardHost.addChild(StandardHost.java:649)
	at org.apache.catalina.startup.HostConfig.deployDescriptor(HostConfig.java:672)
	at org.apache.catalina.startup.HostConfig$DeployDescriptor.run(HostConfig.java:1859)
	at java.util.concurrent.Executors$RunnableAdapter.call(Executors.java:471)
	at java.util.concurrent.FutureTask.run(FutureTask.java:262)
	at java.util.concurrent.ThreadPoolExecutor.runWorker(ThreadPoolExecutor.java:1145)
	at java.util.concurrent.ThreadPoolExecutor$Worker.run(ThreadPoolExecutor.java:615)
	at java.lang.Thread.run(Thread.java:745)
Caused by: org.apache.catalina.LifecycleException: Failed to process either the global, per-host or context-specific context.xml file therefore the [/webdemo] Context cannot be started.
	at org.apache.catalina.startup.FailedContext.startInternal(FailedContext.java:158)
	at org.apache.catalina.util.LifecycleBase.start(LifecycleBase.java:150)
	... 10 more

七月 20, 2015 10:10:13 下午 org.apache.catalina.startup.HostConfig deployDescriptor
严重: Error deploying configuration descriptor D:\软件\apache-tomcat-7.0.59-windows-x86\apache-tomcat-7.0.59\conf\Catalina\localhost\webdemo.xml
java.lang.IllegalStateException: ContainerBase.addChild: start: org.apache.catalina.LifecycleException: Failed to start component [/webdemo]
	at org.apache.catalina.core.ContainerBase.addChildInternal(ContainerBase.java:904)
	at org.apache.catalina.core.ContainerBase.addChild(ContainerBase.java:877)
	at org.apache.catalina.core.StandardHost.addChild(StandardHost.java:649)
	at org.apache.catalina.startup.HostConfig.deployDescriptor(HostConfig.java:672)
	at org.apache.catalina.startup.HostConfig$DeployDescriptor.run(HostConfig.java:1859)
	at java.util.concurrent.Executors$RunnableAdapter.call(Executors.java:471)
	at java.util.concurrent.FutureTask.run(FutureTask.java:262)
	at java.util.concurrent.ThreadPoolExecutor.runWorker(ThreadPoolExecutor.java:1145)
	at java.util.concurrent.ThreadPoolExecutor$Worker.run(ThreadPoolExecutor.java:615)
	at java.lang.Thread.run(Thread.java:745)

七月 20, 2015 10:10:13 下午 org.apache.catalina.startup.HostConfig deployDescriptor
信息: Deployment of configuration descriptor D:\软件\apache-tomcat-7.0.59-windows-x86\apache-tomcat-7.0.59\conf\Catalina\localhost\webdemo.xml has finished in 158 ms
七月 20, 2015 10:10:13 下午 org.apache.catalina.startup.HostConfig deployDirectory
信息: Deploying web application directory D:\软件\apache-tomcat-7.0.59-windows-x86\apache-tomcat-7.0.59\webapps\docs
七月 20, 2015 10:10:14 下午 org.apache.catalina.util.SessionIdGeneratorBase createSecureRandom
信息: Creation of SecureRandom instance for session ID generation using [SHA1PRNG] took [154] milliseconds.
七月 20, 2015 10:10:14 下午 org.apache.catalina.startup.HostConfig deployDirectory
信息: Deployment of web application directory D:\软件\apache-tomcat-7.0.59-windows-x86\apache-tomcat-7.0.59\webapps\docs has finished in 513 ms
七月 20, 2015 10:10:14 下午 org.apache.catalina.startup.HostConfig deployDirectory
信息: Deploying web application directory D:\软件\apache-tomcat-7.0.59-windows-x86\apache-tomcat-7.0.59\webapps\examples
七月 20, 2015 10:10:14 下午 org.apache.catalina.startup.HostConfig deployDirectory
信息: Deployment of web application directory D:\软件\apache-tomcat-7.0.59-windows-x86\apache-tomcat-7.0.59\webapps\examples has finished in 489 ms
七月 20, 2015 10:10:14 下午 org.apache.catalina.startup.HostConfig deployDirectory
信息: Deploying web application directory D:\软件\apache-tomcat-7.0.59-windows-x86\apache-tomcat-7.0.59\webapps\host-manager
七月 20, 2015 10:10:15 下午 org.apache.catalina.startup.HostConfig deployDirectory
信息: Deployment of web application directory D:\软件\apache-tomcat-7.0.59-windows-x86\apache-tomcat-7.0.59\webapps\host-manager has finished in 80 ms
七月 20, 2015 10:10:15 下午 org.apache.catalina.startup.HostConfig deployDirectory
信息: Deploying web application directory D:\软件\apache-tomcat-7.0.59-windows-x86\apache-tomcat-7.0.59\webapps\JavaWebProject
七月 20, 2015 10:10:18 下午 org.apache.catalina.startup.TaglibUriRule body
信息: TLD skipped. URI: http://java.sun.com/jstl/core_rt is already defined
七月 20, 2015 10:10:18 下午 org.apache.catalina.startup.TaglibUriRule body
信息: TLD skipped. URI: http://java.sun.com/jstl/core is already defined
七月 20, 2015 10:10:18 下午 org.apache.catalina.startup.TaglibUriRule body
信息: TLD skipped. URI: http://java.sun.com/jsp/jstl/core is already defined
七月 20, 2015 10:10:18 下午 org.apache.catalina.startup.TaglibUriRule body
信息: TLD skipped. URI: http://java.sun.com/jstl/fmt_rt is already defined
七月 20, 2015 10:10:18 下午 org.apache.catalina.startup.TaglibUriRule body
信息: TLD skipped. URI: http://java.sun.com/jstl/fmt is already defined
七月 20, 2015 10:10:18 下午 org.apache.catalina.startup.TaglibUriRule body
信息: TLD skipped. URI: http://java.sun.com/jsp/jstl/fmt is already defined
七月 20, 2015 10:10:18 下午 org.apache.catalina.startup.TaglibUriRule body
信息: TLD skipped. URI: http://java.sun.com/jsp/jstl/functions is already defined
七月 20, 2015 10:10:18 下午 org.apache.catalina.startup.TaglibUriRule body
信息: TLD skipped. URI: http://jakarta.apache.org/taglibs/standard/permittedTaglibs is already defined
七月 20, 2015 10:10:18 下午 org.apache.catalina.startup.TaglibUriRule body
信息: TLD skipped. URI: http://jakarta.apache.org/taglibs/standard/scriptfree is already defined
七月 20, 2015 10:10:18 下午 org.apache.catalina.startup.TaglibUriRule body
信息: TLD skipped. URI: http://java.sun.com/jstl/sql_rt is already defined
七月 20, 2015 10:10:18 下午 org.apache.catalina.startup.TaglibUriRule body
信息: TLD skipped. URI: http://java.sun.com/jstl/sql is already defined
七月 20, 2015 10:10:18 下午 org.apache.catalina.startup.TaglibUriRule body
信息: TLD skipped. URI: http://java.sun.com/jsp/jstl/sql is already defined
七月 20, 2015 10:10:18 下午 org.apache.catalina.startup.TaglibUriRule body
信息: TLD skipped. URI: http://java.sun.com/jstl/xml_rt is already defined
七月 20, 2015 10:10:18 下午 org.apache.catalina.startup.TaglibUriRule body
信息: TLD skipped. URI: http://java.sun.com/jstl/xml is already defined
七月 20, 2015 10:10:18 下午 org.apache.catalina.startup.TaglibUriRule body
信息: TLD skipped. URI: http://java.sun.com/jsp/jstl/xml is already defined
七月 20, 2015 10:10:22 下午 org.apache.catalina.startup.HostConfig deployDirectory
信息: Deployment of web application directory D:\软件\apache-tomcat-7.0.59-windows-x86\apache-tomcat-7.0.59\webapps\JavaWebProject has finished in 7,262 ms
七月 20, 2015 10:10:22 下午 org.apache.catalina.startup.HostConfig deployDirectory
信息: Deploying web application directory D:\软件\apache-tomcat-7.0.59-windows-x86\apache-tomcat-7.0.59\webapps\manager
七月 20, 2015 10:10:22 下午 org.apache.catalina.startup.HostConfig deployDirectory
信息: Deployment of web application directory D:\软件\apache-tomcat-7.0.59-windows-x86\apache-tomcat-7.0.59\webapps\manager has finished in 113 ms
七月 20, 2015 10:10:22 下午 org.apache.catalina.startup.HostConfig deployDirectory
信息: Deploying web application directory D:\软件\apache-tomcat-7.0.59-windows-x86\apache-tomcat-7.0.59\webapps\manualweb
七月 20, 2015 10:10:22 下午 org.apache.catalina.startup.HostConfig deployDirectory
信息: Deployment of web application directory D:\软件\apache-tomcat-7.0.59-windows-x86\apache-tomcat-7.0.59\webapps\manualweb has finished in 45 ms
七月 20, 2015 10:10:22 下午 org.apache.catalina.startup.HostConfig deployDirectory
信息: Deploying web application directory D:\软件\apache-tomcat-7.0.59-windows-x86\apache-tomcat-7.0.59\webapps\ROOT
七月 20, 2015 10:10:22 下午 org.apache.catalina.startup.HostConfig deployDirectory
信息: Deployment of web application directory D:\软件\apache-tomcat-7.0.59-windows-x86\apache-tomcat-7.0.59\webapps\ROOT has finished in 51 ms
七月 20, 2015 10:10:22 下午 org.apache.coyote.AbstractProtocol start
信息: Starting ProtocolHandler ["http-apr-8080"]
七月 20, 2015 10:10:22 下午 org.apache.coyote.AbstractProtocol start
信息: Starting ProtocolHandler ["ajp-apr-8009"]
七月 20, 2015 10:10:22 下午 org.apache.catalina.startup.Catalina start
信息: Server startup in 8884 ms
