七月 19, 2015 10:04:47 下午 org.apache.catalina.core.ApplicationContext log
信息: ContextListener: contextInitialized()
七月 19, 2015 10:04:47 下午 org.apache.catalina.core.ApplicationContext log
信息: SessionListener: contextInitialized()
七月 19, 2015 10:04:47 下午 org.apache.catalina.core.ApplicationContext log
信息: ContextListener: attributeAdded('org.apache.jasper.compiler.TldLocationsCache', 'org.apache.jasper.compiler.TldLocationsCache@a6e48f')
七月 19, 2015 10:04:51 下午 org.apache.catalina.core.ApplicationContext log
信息: Initializing Spring root WebApplicationContext
七月 19, 2015 10:04:58 下午 org.apache.catalina.core.ApplicationContext log
信息: Closing Spring root WebApplicationContext
七月 19, 2015 10:04:58 下午 org.apache.catalina.core.ApplicationContext log
信息: SessionListener: contextDestroyed()
七月 19, 2015 10:04:58 下午 org.apache.catalina.core.ApplicationContext log
信息: ContextListener: contextDestroyed()
七月 19, 2015 10:12:34 下午 org.apache.catalina.core.ApplicationContext log
信息: ContextListener: contextInitialized()
七月 19, 2015 10:12:34 下午 org.apache.catalina.core.ApplicationContext log
信息: SessionListener: contextInitialized()
七月 19, 2015 10:12:34 下午 org.apache.catalina.core.ApplicationContext log
信息: ContextListener: attributeAdded('org.apache.jasper.compiler.TldLocationsCache', 'org.apache.jasper.compiler.TldLocationsCache@1ac539f')
七月 19, 2015 10:12:35 下午 org.apache.catalina.core.ApplicationContext log
信息: Initializing Spring root WebApplicationContext
七月 19, 2015 10:12:37 下午 org.apache.catalina.core.ApplicationContext log
信息: Closing Spring root WebApplicationContext
七月 19, 2015 10:12:37 下午 org.apache.catalina.core.ApplicationContext log
信息: SessionListener: contextDestroyed()
七月 19, 2015 10:12:37 下午 org.apache.catalina.core.ApplicationContext log
信息: ContextListener: contextDestroyed()
七月 19, 2015 10:13:12 下午 org.apache.catalina.core.ApplicationContext log
信息: ContextListener: contextInitialized()
七月 19, 2015 10:13:12 下午 org.apache.catalina.core.ApplicationContext log
信息: SessionListener: contextInitialized()
七月 19, 2015 10:13:12 下午 org.apache.catalina.core.ApplicationContext log
信息: ContextListener: attributeAdded('org.apache.jasper.compiler.TldLocationsCache', 'org.apache.jasper.compiler.TldLocationsCache@15ed9ec')
七月 19, 2015 10:13:13 下午 org.apache.catalina.core.ApplicationContext log
信息: Initializing Spring root WebApplicationContext
七月 19, 2015 10:35:13 下午 org.apache.catalina.core.ApplicationContext log
信息: ContextListener: contextInitialized()
七月 19, 2015 10:35:13 下午 org.apache.catalina.core.ApplicationContext log
信息: SessionListener: contextInitialized()
七月 19, 2015 10:35:13 下午 org.apache.catalina.core.ApplicationContext log
信息: ContextListener: attributeAdded('org.apache.jasper.compiler.TldLocationsCache', 'org.apache.jasper.compiler.TldLocationsCache@351ddc')
七月 19, 2015 10:35:14 下午 org.apache.catalina.core.ApplicationContext log
信息: Initializing Spring root WebApplicationContext
七月 19, 2015 10:42:22 下午 org.apache.catalina.core.ApplicationContext log
信息: ContextListener: contextInitialized()
七月 19, 2015 10:42:22 下午 org.apache.catalina.core.ApplicationContext log
信息: SessionListener: contextInitialized()
七月 19, 2015 10:42:22 下午 org.apache.catalina.core.ApplicationContext log
信息: ContextListener: attributeAdded('org.apache.jasper.compiler.TldLocationsCache', 'org.apache.jasper.compiler.TldLocationsCache@17de6a8')
七月 19, 2015 10:42:24 下午 org.apache.catalina.core.ApplicationContext log
信息: Initializing Spring root WebApplicationContext
七月 19, 2015 10:42:26 下午 org.apache.catalina.core.ApplicationContext log
信息: Closing Spring root WebApplicationContext
七月 19, 2015 10:42:26 下午 org.apache.catalina.core.ApplicationContext log
信息: SessionListener: contextDestroyed()
七月 19, 2015 10:42:26 下午 org.apache.catalina.core.ApplicationContext log
信息: ContextListener: contextDestroyed()
七月 19, 2015 10:43:10 下午 org.apache.catalina.core.ApplicationContext log
信息: ContextListener: contextInitialized()
七月 19, 2015 10:43:10 下午 org.apache.catalina.core.ApplicationContext log
信息: SessionListener: contextInitialized()
七月 19, 2015 10:43:10 下午 org.apache.catalina.core.ApplicationContext log
信息: ContextListener: attributeAdded('org.apache.jasper.compiler.TldLocationsCache', 'org.apache.jasper.compiler.TldLocationsCache@b235e6')
七月 19, 2015 10:43:12 下午 org.apache.catalina.core.ApplicationContext log
信息: Initializing Spring root WebApplicationContext
七月 19, 2015 10:43:15 下午 org.apache.catalina.core.ApplicationContext log
信息: Closing Spring root WebApplicationContext
七月 19, 2015 10:43:15 下午 org.apache.catalina.core.ApplicationContext log
信息: SessionListener: contextDestroyed()
七月 19, 2015 10:43:15 下午 org.apache.catalina.core.ApplicationContext log
信息: ContextListener: contextDestroyed()
七月 19, 2015 10:47:21 下午 org.apache.catalina.core.ApplicationContext log
信息: ContextListener: contextInitialized()
七月 19, 2015 10:47:21 下午 org.apache.catalina.core.ApplicationContext log
信息: SessionListener: contextInitialized()
七月 19, 2015 10:47:21 下午 org.apache.catalina.core.ApplicationContext log
信息: ContextListener: attributeAdded('org.apache.jasper.compiler.TldLocationsCache', 'org.apache.jasper.compiler.TldLocationsCache@dfd045')
七月 19, 2015 10:47:23 下午 org.apache.catalina.core.ApplicationContext log
信息: Initializing Spring root WebApplicationContext
七月 19, 2015 10:49:04 下午 org.apache.catalina.core.ApplicationContext log
信息: ContextListener: contextInitialized()
七月 19, 2015 10:49:04 下午 org.apache.catalina.core.ApplicationContext log
信息: SessionListener: contextInitialized()
七月 19, 2015 10:49:04 下午 org.apache.catalina.core.ApplicationContext log
信息: ContextListener: attributeAdded('org.apache.jasper.compiler.TldLocationsCache', 'org.apache.jasper.compiler.TldLocationsCache@1eed1e1')
七月 19, 2015 10:49:06 下午 org.apache.catalina.core.ApplicationContext log
信息: Initializing Spring root WebApplicationContext
